<?xml version="1.0" encoding="UTF-8"?>
<testng-results skipped="0" failed="0" total="1" passed="1">
  <reporter-output>
  </reporter-output>
  <suite name="Default suite" duration-ms="17137" started-at="2017-04-06T11:37:38Z" finished-at="2017-04-06T11:37:55Z">
    <groups>
    </groups>
    <test name="Default test" duration-ms="17137" started-at="2017-04-06T11:37:38Z" finished-at="2017-04-06T11:37:55Z">
      <class name="test.TestClass">
        <test-method status="PASS" signature="setup()[pri:0, instance:test.TestClass@1ae369b7]" name="setup" is-config="true" duration-ms="16662" started-at="2017-04-06T17:07:38Z" finished-at="2017-04-06T17:07:55Z">
          <reporter-output>
          </reporter-output>
        </test-method> <!-- setup -->
        <test-method status="PASS" signature="testLogin()[pri:0, instance:test.TestClass@1ae369b7]" name="testLogin" duration-ms="454" started-at="2017-04-06T17:07:55Z" finished-at="2017-04-06T17:07:55Z">
          <reporter-output>
          </reporter-output>
        </test-method> <!-- testLogin -->
      </class> <!-- test.TestClass -->
    </test> <!-- Default test -->
  </suite> <!-- Default suite -->
</testng-results>
